SF:lib/src/address_field.dart
DA:9,3
DA:21,1
DA:34,1
DA:60,1
DA:61,1
DA:63,1
DA:70,1
DA:71,1
DA:72,1
DA:73,1
DA:74,1
DA:75,1
DA:76,1
DA:77,2
DA:86,1
DA:87,1
DA:92,1
DA:93,4
DA:95,1
DA:96,2
DA:105,1
DA:106,4
DA:108,2
DA:109,2
DA:110,2
DA:114,1
DA:116,1
DA:118,2
DA:119,4
DA:122,4
DA:123,3
DA:124,1
DA:128,3
DA:130,3
DA:131,2
DA:132,0
DA:137,1
DA:139,1
DA:141,5
DA:142,2
DA:145,5
DA:146,2
DA:149,2
DA:150,2
DA:153,1
DA:155,1
DA:156,1
DA:157,1
DA:158,2
DA:159,1
DA:160,1
DA:161,1
DA:162,2
DA:165,2
DA:166,2
DA:169,3
DA:170,1
DA:171,1
DA:175,1
DA:176,4
DA:179,1
DA:180,5
DA:181,3
DA:182,1
DA:183,4
DA:187,1
DA:188,1
DA:192,2
DA:196,1
DA:197,3
DA:201,1
DA:202,3
DA:203,2
DA:204,0
DA:205,0
DA:208,3
DA:209,2
DA:211,2
DA:212,1
DA:213,2
DA:214,0
DA:215,0
DA:219,1
DA:220,3
DA:223,1
DA:224,1
DA:227,1
DA:229,2
DA:230,0
DA:231,0
DA:235,4
DA:236,2
DA:240,2
DA:241,2
DA:243,0
DA:244,0
DA:248,2
DA:284,1
DA:285,1
DA:286,1
DA:287,1
DA:289,1
DA:291,1
DA:292,1
DA:293,1
DA:295,1
DA:298,1
DA:302,0
DA:303,0
DA:306,0
DA:309,1
DA:312,0
DA:317,1
DA:322,3
DA:323,2
DA:324,3
DA:325,1
DA:326,3
DA:328,3
DA:331,1
DA:337,4
DA:338,1
DA:341,2
DA:344,1
DA:349,1
DA:351,1
DA:352,4
DA:353,4
DA:354,2
DA:356,1
DA:359,2
DA:363,3
DA:364,3
DA:365,3
DA:366,3
DA:367,3
DA:368,3
DA:369,3
DA:370,3
DA:371,3
DA:372,3
DA:373,3
DA:374,3
DA:375,3
DA:376,3
DA:377,0
DA:378,3
DA:379,3
DA:380,3
DA:381,3
DA:382,3
DA:383,3
DA:384,3
DA:385,3
DA:386,3
DA:387,3
DA:389,3
DA:390,2
DA:398,1
DA:400,3
DA:404,1
DA:414,2
DA:420,2
DA:434,1
DA:441,1
DA:451,1
DA:453,1
DA:455,1
DA:457,1
DA:458,1
DA:459,1
DA:461,1
DA:464,1
DA:465,1
DA:468,2
DA:469,1
DA:470,2
DA:471,1
DA:472,1
DA:473,2
DA:475,2
DA:477,2
DA:479,1
DA:480,2
DA:481,1
DA:484,1
DA:485,2
DA:487,3
DA:493,1
DA:664,2
DA:698,0
DA:728,0
DA:729,0
DA:730,0
DA:731,0
DA:732,0
DA:733,0
DA:734,0
DA:735,0
DA:736,0
DA:737,0
DA:738,0
DA:739,0
DA:740,0
DA:741,0
DA:742,0
DA:743,0
DA:744,0
DA:745,0
DA:746,0
DA:747,0
DA:748,0
DA:749,0
DA:750,0
DA:751,0
DA:752,0
DA:753,0
DA:754,0
DA:755,0
DA:756,0
DA:758,0
LF:221
LH:176
end_of_record
SF:lib/src/debouncer.dart
DA:7,1
DA:9,1
DA:10,1
DA:11,3
DA:14,1
DA:15,1
DA:16,1
DA:20,1
DA:21,2
DA:22,1
LF:10
LH:10
end_of_record
